{"/Users/jleh/projects/suku/src/setupTests.js": {"path":"/Users/jleh/projects/suku/src/setupTests.js","statementMap":{"0":{"start":{"line":5,"column":0},"end":{"line":5,"column":38}}},"fnMap":{},"branchMap":{},"s":{"0":1},"f":{},"b":{},"_coverageSchema":"332fd63041d2c1bcb487cc26dd0d5f7d97098a6c","hash":"03076f9381f4266607494c3b0e1a2096066b8cfe"}
,"/Users/jleh/projects/suku/src/util.js": {"path":"/Users/jleh/projects/suku/src/util.js","statementMap":{"0":{"start":{"line":1,"column":26},"end":{"line":1,"column":90}},"1":{"start":{"line":1,"column":36},"end":{"line":1,"column":89}},"2":{"start":{"line":2,"column":26},"end":{"line":2,"column":90}},"3":{"start":{"line":2,"column":36},"end":{"line":2,"column":89}},"4":{"start":{"line":4,"column":26},"end":{"line":4,"column":85}},"5":{"start":{"line":4,"column":47},"end":{"line":4,"column":85}},"6":{"start":{"line":4,"column":65},"end":{"line":4,"column":84}},"7":{"start":{"line":6,"column":18},"end":{"line":42,"column":1}},"8":{"start":{"line":7,"column":2},"end":{"line":9,"column":3}},"9":{"start":{"line":8,"column":4},"end":{"line":8,"column":14}},"10":{"start":{"line":11,"column":17},"end":{"line":11,"column":19}},"11":{"start":{"line":12,"column":50},"end":{"line":12,"column":61}},"12":{"start":{"line":14,"column":2},"end":{"line":20,"column":3}},"13":{"start":{"line":15,"column":4},"end":{"line":19,"column":7}},"14":{"start":{"line":21,"column":2},"end":{"line":27,"column":3}},"15":{"start":{"line":22,"column":4},"end":{"line":26,"column":7}},"16":{"start":{"line":29,"column":2},"end":{"line":39,"column":3}},"17":{"start":{"line":30,"column":4},"end":{"line":38,"column":7}},"18":{"start":{"line":31,"column":6},"end":{"line":37,"column":7}},"19":{"start":{"line":32,"column":8},"end":{"line":36,"column":11}},"20":{"start":{"line":41,"column":2},"end":{"line":41,"column":21}},"21":{"start":{"line":44,"column":30},"end":{"line":47,"column":6}},"22":{"start":{"line":44,"column":52},"end":{"line":47,"column":6}},"23":{"start":{"line":44,"column":87},"end":{"line":47,"column":1}}},"fnMap":{"0":{"name":"(anonymous_0)","decl":{"start":{"line":1,"column":26},"end":{"line":1,"column":27}},"loc":{"start":{"line":1,"column":36},"end":{"line":1,"column":89}},"line":1},"1":{"name":"(anonymous_1)","decl":{"start":{"line":2,"column":26},"end":{"line":2,"column":27}},"loc":{"start":{"line":2,"column":36},"end":{"line":2,"column":89}},"line":2},"2":{"name":"(anonymous_2)","decl":{"start":{"line":4,"column":26},"end":{"line":4,"column":27}},"loc":{"start":{"line":4,"column":47},"end":{"line":4,"column":85}},"line":4},"3":{"name":"(anonymous_3)","decl":{"start":{"line":4,"column":60},"end":{"line":4,"column":61}},"loc":{"start":{"line":4,"column":65},"end":{"line":4,"column":84}},"line":4},"4":{"name":"(anonymous_4)","decl":{"start":{"line":6,"column":18},"end":{"line":6,"column":19}},"loc":{"start":{"line":6,"column":37},"end":{"line":42,"column":1}},"line":6},"5":{"name":"(anonymous_5)","decl":{"start":{"line":30,"column":24},"end":{"line":30,"column":25}},"loc":{"start":{"line":30,"column":35},"end":{"line":38,"column":5}},"line":30},"6":{"name":"(anonymous_6)","decl":{"start":{"line":44,"column":30},"end":{"line":44,"column":31}},"loc":{"start":{"line":44,"column":52},"end":{"line":47,"column":6}},"line":44},"7":{"name":"(anonymous_7)","decl":{"start":{"line":44,"column":67},"end":{"line":44,"column":68}},"loc":{"start":{"line":44,"column":87},"end":{"line":47,"column":1}},"line":44}},"branchMap":{"0":{"loc":{"start":{"line":1,"column":36},"end":{"line":1,"column":89}},"type":"cond-expr","locations":[{"start":{"line":1,"column":57},"end":{"line":1,"column":82}},{"start":{"line":1,"column":85},"end":{"line":1,"column":89}}],"line":1},"1":{"loc":{"start":{"line":2,"column":36},"end":{"line":2,"column":89}},"type":"cond-expr","locations":[{"start":{"line":2,"column":57},"end":{"line":2,"column":82}},{"start":{"line":2,"column":85},"end":{"line":2,"column":89}}],"line":2},"2":{"loc":{"start":{"line":7,"column":2},"end":{"line":9,"column":3}},"type":"if","locations":[{"start":{"line":7,"column":2},"end":{"line":9,"column":3}},{"start":{"line":7,"column":2},"end":{"line":9,"column":3}}],"line":7},"3":{"loc":{"start":{"line":7,"column":6},"end":{"line":7,"column":27}},"type":"binary-expr","locations":[{"start":{"line":7,"column":6},"end":{"line":7,"column":11}},{"start":{"line":7,"column":15},"end":{"line":7,"column":27}}],"line":7},"4":{"loc":{"start":{"line":14,"column":2},"end":{"line":20,"column":3}},"type":"if","locations":[{"start":{"line":14,"column":2},"end":{"line":20,"column":3}},{"start":{"line":14,"column":2},"end":{"line":20,"column":3}}],"line":14},"5":{"loc":{"start":{"line":14,"column":6},"end":{"line":14,"column":45}},"type":"binary-expr","locations":[{"start":{"line":14,"column":6},"end":{"line":14,"column":16}},{"start":{"line":14,"column":20},"end":{"line":14,"column":45}}],"line":14},"6":{"loc":{"start":{"line":21,"column":2},"end":{"line":27,"column":3}},"type":"if","locations":[{"start":{"line":21,"column":2},"end":{"line":27,"column":3}},{"start":{"line":21,"column":2},"end":{"line":27,"column":3}}],"line":21},"7":{"loc":{"start":{"line":21,"column":6},"end":{"line":21,"column":45}},"type":"binary-expr","locations":[{"start":{"line":21,"column":6},"end":{"line":21,"column":16}},{"start":{"line":21,"column":20},"end":{"line":21,"column":45}}],"line":21},"8":{"loc":{"start":{"line":29,"column":2},"end":{"line":39,"column":3}},"type":"if","locations":[{"start":{"line":29,"column":2},"end":{"line":39,"column":3}},{"start":{"line":29,"column":2},"end":{"line":39,"column":3}}],"line":29},"9":{"loc":{"start":{"line":31,"column":6},"end":{"line":37,"column":7}},"type":"if","locations":[{"start":{"line":31,"column":6},"end":{"line":37,"column":7}},{"start":{"line":31,"column":6},"end":{"line":37,"column":7}}],"line":31}},"s":{"0":1,"1":3,"2":1,"3":3,"4":1,"5":4,"6":4,"7":1,"8":0,"9":0,"10":0,"11":0,"12":0,"13":0,"14":0,"15":0,"16":0,"17":0,"18":0,"19":0,"20":0,"21":1,"22":0,"23":0},"f":{"0":3,"1":3,"2":4,"3":4,"4":0,"5":0,"6":0,"7":0},"b":{"0":[3,0],"1":[3,0],"2":[0,0],"3":[0,0],"4":[0,0],"5":[0,0],"6":[0,0],"7":[0,0],"8":[0,0],"9":[0,0]},"_coverageSchema":"332fd63041d2c1bcb487cc26dd0d5f7d97098a6c","hash":"273c7d788f717515bcca65f5b3af6a0cf3b49dd5"}
,"/Users/jleh/projects/suku/src/LinkedPerson/index.js": {"path":"/Users/jleh/projects/suku/src/LinkedPerson/index.js","statementMap":{"0":{"start":{"line":9,"column":17},"end":{"line":9,"column":47}},"1":{"start":{"line":11,"column":2},"end":{"line":13,"column":3}},"2":{"start":{"line":12,"column":4},"end":{"line":12,"column":16}},"3":{"start":{"line":15,"column":2},"end":{"line":23,"column":4}}},"fnMap":{"0":{"name":"(anonymous_0)","decl":{"start":{"line":8,"column":15},"end":{"line":8,"column":16}},"loc":{"start":{"line":8,"column":43},"end":{"line":24,"column":1}},"line":8}},"branchMap":{"0":{"loc":{"start":{"line":11,"column":2},"end":{"line":13,"column":3}},"type":"if","locations":[{"start":{"line":11,"column":2},"end":{"line":13,"column":3}},{"start":{"line":11,"column":2},"end":{"line":13,"column":3}}],"line":11}},"s":{"0":4,"1":4,"2":1,"3":3},"f":{"0":4},"b":{"0":[1,3]},"_coverageSchema":"332fd63041d2c1bcb487cc26dd0d5f7d97098a6c","hash":"336648703d2b01b439c7ba3a3260d0d79b514e96"}
}
